[debug] [2026-04-19T02:19:01.869Z] ----------------------------------------------------------------------
[debug] [2026-04-19T02:19:01.873Z] Command:       C:\Program Files\nodejs\node.exe C:\Users\aband\AppData\Roaming\npm\node_modules\firebase-tools\lib\bin\firebase.js init
[debug] [2026-04-19T02:19:01.874Z] CLI Version:   15.15.0
[debug] [2026-04-19T02:19:01.874Z] Platform:      win32
[debug] [2026-04-19T02:19:01.874Z] Node Version:  v24.14.1
[debug] [2026-04-19T02:19:01.874Z] Time:          Sun Apr 19 2026 10:19:01 GMT+0800 (Philippine Standard Time)
[debug] [2026-04-19T02:19:01.874Z] ----------------------------------------------------------------------
[debug] 
[info] 
     ######## #### ########  ######## ########     ###     ######  ########
     ##        ##  ##     ## ##       ##     ##  ##   ##  ##       ##
     ######    ##  ########  ######   ########  #########  ######  ######
     ##        ##  ##    ##  ##       ##     ## ##     ##       ## ##
     ##       #### ##     ## ######## ########  ##     ##  ######  ########

You're about to initialize a Firebase project in this directory:

  D:\Projects\VsCode\hakbang_server

[info] 
=== Project Setup
[info] 
[info] First, let's associate this project directory with a Firebase project.
[info] You can create multiple project aliases by running firebase use --add, 
[info] 
[info] i  If you want to create a project in a Google Cloud organization or folder, please use "firebase projects:create" instead, and return to this command when you've created the project. 
[debug] [2026-04-19T02:21:07.064Z] > command requires scopes: ["email","openid","https://www.googleapis.com/auth/cloudplatformprojects.readonly","https://www.googleapis.com/auth/firebase","https://www.googleapis.com/auth/cloud-platform"]
[debug] [2026-04-19T02:21:07.065Z] > authorizing via signed-in user (abandiakyle2112@gmail.com)
[debug] [2026-04-19T02:21:32.385Z] Checked if tokens are valid: true, expires at: 1776568729978
[debug] [2026-04-19T02:21:32.386Z] Checked if tokens are valid: true, expires at: 1776568729978
[debug] [2026-04-19T02:21:32.387Z] >>> [apiv2][query] POST https://firebase.googleapis.com/v1/projects:checkProjectId [none]
[debug] [2026-04-19T02:21:32.388Z] >>> [apiv2][body] POST https://firebase.googleapis.com/v1/projects:checkProjectId {"proposedId":"Hakbang_Project"}
[debug] [2026-04-19T02:21:32.769Z] <<< [apiv2][status] POST https://firebase.googleapis.com/v1/projects:checkProjectId 400
[debug] [2026-04-19T02:21:32.769Z] <<< [apiv2][body] POST https://firebase.googleapis.com/v1/projects:checkProjectId {"error":{"code":400,"message":"Request contains an invalid argument.","status":"INVALID_ARGUMENT"}}
[debug] [2026-04-19T02:21:32.771Z] Couldn't check if project ID Hakbang_Project is available. Original error: FirebaseError: Failed to check if project ID is available. See firebase-debug.log for more info.
[debug] [2026-04-19T02:21:50.331Z] Checked if tokens are valid: true, expires at: 1776568729978
[debug] [2026-04-19T02:21:50.331Z] Checked if tokens are valid: true, expires at: 1776568729978
[debug] [2026-04-19T02:21:50.332Z] >>> [apiv2][query] POST https://cloudresourcemanager.googleapis.com/v1/projects [none]
[debug] [2026-04-19T02:21:50.332Z] >>> [apiv2][body] POST https://cloudresourcemanager.googleapis.com/v1/projects {"projectId":"Hakbang_Project","name":"Hakbang_Project"}
[debug] [2026-04-19T02:21:51.771Z] <<< [apiv2][status] POST https://cloudresourcemanager.googleapis.com/v1/projects 400
[debug] [2026-04-19T02:21:51.772Z] <<< [apiv2][body] POST https://cloudresourcemanager.googleapis.com/v1/projects {"error":{"code":400,"message":"Request contains an invalid argument.","status":"INVALID_ARGUMENT","details":[{"@type":"type.googleapis.com/google.rpc.BadRequest","fieldViolations":[{"field":"project_id","description":"project_id contains invalid characters"},{"field":"display_name","description":"project display name contains invalid characters"}]},{"@type":"type.googleapis.com/google.rpc.Help","links":[{"url":"https://cloud.google.com/resource-manager/reference/rest/v1/projects"}]}]}}
[debug] [2026-04-19T02:21:51.874Z] FirebaseError: Request to https://cloudresourcemanager.googleapis.com/v1/projects had HTTP Error: 400, Request contains an invalid argument.
    at responseToError (C:\Users\aband\AppData\Roaming\npm\node_modules\firebase-tools\lib\responseToError.js:53:12)
    at RetryOperation._fn (C:\Users\aband\AppData\Roaming\npm\node_modules\firebase-tools\lib\apiv2.js:333:77)
    at process.processTicksAndRejections (node:internal/process/task_queues:104:5)
[error] 
[error] Error: Failed to create project. See firebase-debug.log for more info.
